<?xml version="1.0" encoding="UTF-8"?>
<testsuite xmlns:xsi="http://www.w3.org/2001/XMLSchema-instance" xsi:noNamespaceSchemaLocation="https://maven.apache.org/surefire/maven-surefire-plugin/xsd/surefire-test-report.xsd" name="com.mycompany.actividadjunit2.EmpleadoTest" time="0.054" tests="25" errors="1" skipped="12" failures="0">
  <properties>
[...]
</properties>
  <testcase name="testRegistraEntradaEmpleado0" classname="com.mycompany.actividadjunit2.EmpleadoTest" time="0">
    <skipped message="public void com.mycompany.actividadjunit2.EmpleadoTest.testRegistraEntradaEmpleado0() is @Disabled"/>
  </testcase>
  <testcase name="testRegistraEntradaEmpleado1" classname="com.mycompany.actividadjunit2.EmpleadoTest" time="0">
    <skipped message="public void com.mycompany.actividadjunit2.EmpleadoTest.testRegistraEntradaEmpleado1() is @Disabled"/>
  </testcase>
  <testcase name="testRegistraEntradaEmpleado2" classname="com.mycompany.actividadjunit2.EmpleadoTest" time="0">
    <skipped message="public void com.mycompany.actividadjunit2.EmpleadoTest.testRegistraEntradaEmpleado2() is @Disabled"/>
  </testcase>
  <testcase name="testRegistraEntradaEmpleado3" classname="com.mycompany.actividadjunit2.EmpleadoTest" time="0">
    <skipped message="public void com.mycompany.actividadjunit2.EmpleadoTest.testRegistraEntradaEmpleado3() is @Disabled"/>
  </testcase>
  <testcase name="testRegistraEntradaEmpleado4" classname="com.mycompany.actividadjunit2.EmpleadoTest" time="0">
    <skipped message="public void com.mycompany.actividadjunit2.EmpleadoTest.testRegistraEntradaEmpleado4() is @Disabled"/>
  </testcase>
  <testcase name="testRegistraEntradaEmpleado5" classname="com.mycompany.actividadjunit2.EmpleadoTest" time="0">
    <skipped message="public void com.mycompany.actividadjunit2.EmpleadoTest.testRegistraEntradaEmpleado5() is @Disabled"/>
  </testcase>
  <testcase name="testRegistraEntradaEmpleado6" classname="com.mycompany.actividadjunit2.EmpleadoTest" time="0">
    <skipped message="public void com.mycompany.actividadjunit2.EmpleadoTest.testRegistraEntradaEmpleado6() is @Disabled"/>
  </testcase>
  <testcase name="testRegistraEntradaEmpleado7" classname="com.mycompany.actividadjunit2.EmpleadoTest" time="0">
    <skipped message="public void com.mycompany.actividadjunit2.EmpleadoTest.testRegistraEntradaEmpleado7() is @Disabled"/>
  </testcase>
  <testcase name="testRegistraEntradaEmpleado8" classname="com.mycompany.actividadjunit2.EmpleadoTest" time="0">
    <skipped message="public void com.mycompany.actividadjunit2.EmpleadoTest.testRegistraEntradaEmpleado8() is @Disabled"/>
  </testcase>
  <testcase name="testRegistraEntradaEmpleado9" classname="com.mycompany.actividadjunit2.EmpleadoTest" time="0">
    <skipped message="public void com.mycompany.actividadjunit2.EmpleadoTest.testRegistraEntradaEmpleado9() is @Disabled"/>
  </testcase>
  <testcase name="testRegistraEntradaEmpleado10" classname="com.mycompany.actividadjunit2.EmpleadoTest" time="0">
    <skipped message="public void com.mycompany.actividadjunit2.EmpleadoTest.testRegistraEntradaEmpleado10() is @Disabled"/>
  </testcase>
  <testcase name="testRegistraEntradaEmpleado11" classname="com.mycompany.actividadjunit2.EmpleadoTest" time="0">
    <skipped message="public void com.mycompany.actividadjunit2.EmpleadoTest.testRegistraEntradaEmpleado11() is @Disabled"/>
  </testcase>
  <testcase name="testRegistraEntradaEmpleadoParametrizado{Integer, Integer, String, int}" classname="com.mycompany.actividadjunit2.EmpleadoTest" time="0.009">
    <error message="No ParameterResolver registered for parameter [java.lang.Integer _empleado] in method [public void com.mycompany.actividadjunit2.EmpleadoTest.testRegistraEntradaEmpleadoParametrizado(java.lang.Integer,java.lang.Integer,java.lang.String,int)]." type="org.junit.jupiter.api.extension.ParameterResolutionException">org.junit.jupiter.api.extension.ParameterResolutionException: No ParameterResolver registered for parameter [java.lang.Integer _empleado] in method [public void com.mycompany.actividadjunit2.EmpleadoTest.testRegistraEntradaEmpleadoParametrizado(java.lang.Integer,java.lang.Integer,java.lang.String,int)].
</error>
  </testcase>
  <testcase name="testRegistraEntradaEmpleadoParametrizado{Integer, Integer, String, int}[1]" classname="com.mycompany.actividadjunit2.EmpleadoTest" time="0.013"/>
  <testcase name="testRegistraEntradaEmpleadoParametrizado{Integer, Integer, String, int}[2]" classname="com.mycompany.actividadjunit2.EmpleadoTest" time="0"/>
  <testcase name="testRegistraEntradaEmpleadoParametrizado{Integer, Integer, String, int}[3]" classname="com.mycompany.actividadjunit2.EmpleadoTest" time="0"/>
  <testcase name="testRegistraEntradaEmpleadoParametrizado{Integer, Integer, String, int}[4]" classname="com.mycompany.actividadjunit2.EmpleadoTest" time="0.001"/>
  <testcase name="testRegistraEntradaEmpleadoParametrizado{Integer, Integer, String, int}[5]" classname="com.mycompany.actividadjunit2.EmpleadoTest" time="0"/>
  <testcase name="testRegistraEntradaEmpleadoParametrizado{Integer, Integer, String, int}[6]" classname="com.mycompany.actividadjunit2.EmpleadoTest" time="0.001"/>
  <testcase name="testRegistraEntradaEmpleadoParametrizado{Integer, Integer, String, int}[7]" classname="com.mycompany.actividadjunit2.EmpleadoTest" time="0"/>
  <testcase name="testRegistraEntradaEmpleadoParametrizado{Integer, Integer, String, int}[8]" classname="com.mycompany.actividadjunit2.EmpleadoTest" time="0"/>
  <testcase name="testRegistraEntradaEmpleadoParametrizado{Integer, Integer, String, int}[9]" classname="com.mycompany.actividadjunit2.EmpleadoTest" time="0"/>
  <testcase name="testRegistraEntradaEmpleadoParametrizado{Integer, Integer, String, int}[10]" classname="com.mycompany.actividadjunit2.EmpleadoTest" time="0"/>
  <testcase name="testRegistraEntradaEmpleadoParametrizado{Integer, Integer, String, int}[11]" classname="com.mycompany.actividadjunit2.EmpleadoTest" time="0.001"/>
  <testcase name="testRegistraEntradaEmpleadoParametrizado{Integer, Integer, String, int}[12]" classname="com.mycompany.actividadjunit2.EmpleadoTest" time="0"/>
</testsuite>